<?xml version='1.0' encoding='UTF-8'?>
<testsuite hostname="localhost" name="specs.SchemaValidateEndpointSpec" tests="4" errors="0" failures="0" skipped="0" time="1.432" timestamp="2021-08-04T08:41:07">
          <properties>
      <property name="awt.toolkit" value="sun.awt.X11.XToolkit"/><property name="java.specification.version" value="11"/><property name="sun.cpu.isalist" value=""/><property name="sun.jnu.encoding" value="UTF-8"/><property name="sun.arch.data.model" value="64"/><property name="java.vendor.url" value="http://java.oracle.com/"/><property name="sun.boot.library.path" value="/home/samir/.sdkman/candidates/java/11.0.6-open/lib"/><property name="sun.java.command" value="/home/samir/.sdkman/candidates/sbt/1.4.6/bin/sbt-launch.jar --detach-stdio"/><property name="jdk.debug" value="release"/><property name="java.specification.vendor" value="Oracle Corporation"/><property name="java.version.date" value="2020-01-14"/><property name="java.home" value="/home/samir/.sdkman/candidates/java/11.0.6-open"/><property name="file.separator" value="/"/><property name="java.vm.compressedOopsMode" value="32-bit"/><property name="line.separator" value="
"/><property name="java.specification.name" value="Java Platform API Specification"/><property name="java.vm.specification.vendor" value="Oracle Corporation"/><property name="sun.management.compiler" value="HotSpot 64-Bit Tiered Compilers"/><property name="java.runtime.version" value="11.0.6+10"/><property name="user.name" value="samir"/><property name="log4j.ignoreTCL" value="true"/><property name="file.encoding" value="UTF-8"/><property name="jnidispatch.path" value="/home/samir/.cache/JNA/temp/jna16635585413854936790.tmp"/><property name="java.vendor.version" value="18.9"/><property name="jna.loaded" value="true"/><property name="java.io.tmpdir" value="/tmp"/><property name="java.version" value="11.0.6"/><property name="java.vm.specification.name" value="Java Virtual Machine Specification"/><property name="java.awt.printerjob" value="sun.print.PSPrinterJob"/><property name="sun.os.patch.level" value="unknown"/><property name="java.library.path" value="/usr/java/packages/lib:/usr/lib64:/lib64:/lib:/usr/lib"/><property name="java.vendor" value="Oracle Corporation"/><property name="scala.ext.dirs" value="/home/samir/.sbt/0.13/java9-rt-ext-oracle_corporation_11_0_6"/><property name="sun.io.unicode.encoding" value="UnicodeLittle"/><property name="sun.desktop" value="gnome"/><property name="java.class.path" value="/home/samir/.sdkman/candidates/sbt/1.4.6/bin/sbt-launch.jar"/><property name="java.vm.vendor" value="Oracle Corporation"/><property name="jline.shutdownhook" value="false"/><property name="user.timezone" value="Europe/London"/><property name="os.name" value="Linux"/><property name="java.vm.specification.version" value="11"/><property name="sun.java.launcher" value="SUN_STANDARD"/><property name="user.country" value="GB"/><property name="sun.cpu.endian" value="little"/><property name="user.home" value="/home/samir"/><property name="sbt.io.virtual" value="true"/><property name="user.language" value="en"/><property name="swoval.tmpdir" value="/home/samir/.sbt/1.0"/><property name="java.awt.graphicsenv" value="sun.awt.X11GraphicsEnvironment"/><property name="jline.esc.timeout" value="0"/><property name="path.separator" value=":"/><property name="os.version" value="5.4.0-73-generic"/><property name="jna.nosys" value="true"/><property name="java.runtime.name" value="OpenJDK Runtime Environment"/><property name="java.vm.name" value="OpenJDK 64-Bit Server VM"/><property name="jna.platform.library.path" value="/usr/lib/x86_64-linux-gnu:/lib/x86_64-linux-gnu:/usr/lib64:/lib64:/usr/lib:/lib:/lib/i386-linux-gnu:/usr/lib/x86_64-linux-gnu/libfakeroot"/><property name="java.vendor.url.bug" value="http://bugreport.java.com/bugreport/"/><property name="user.dir" value="/home/samir/Desktop/Snowplow-schema-validation"/><property name="os.arch" value="amd64"/><property name="java.vm.info" value="mixed mode"/><property name="java.vm.version" value="11.0.6+10"/><property name="java.class.version" value="55.0"/>
    </properties>
          <testcase classname="specs.SchemaValidateEndpointSpec" name="Calling on /Schema/Id with a POST request with an invalid document schema should return a bad request status code" time="1.161">
                      
                    </testcase><testcase classname="specs.SchemaValidateEndpointSpec" name="Calling on /Schema/Id with a POST request with a valid document schema should return a 200 status code" time="0.244">
                      
                    </testcase><testcase classname="specs.SchemaValidateEndpointSpec" name="Calling on /Schema/Id with a POST request with a valid Json document but a missing schema should should return a Not found status code" time="0.006">
                      
                    </testcase><testcase classname="specs.SchemaValidateEndpointSpec" name="Calling on /Schema/Id with a POST request with a valid Json document that is invalid against the stored schema, should return a Json error" time="0.021">
                      
                    </testcase>
          <system-out><![CDATA[]]></system-out>
          <system-err><![CDATA[]]></system-err>
        </testsuite>